Performing C SOURCE FILE Test CMAKE_HAVE_LIBC_PTHREAD failed with the following output:
Change Dir: /home/daedalus/Documents/0311-ProjectFolder/build/CMakeFiles/CMakeTmp

Run Build Command(s):/usr/bin/make cmTC_b3858/fast && /usr/bin/make -f CMakeFiles/cmTC_b3858.dir/build.make CMakeFiles/cmTC_b3858.dir/build
make[1]: Entering directory '/home/daedalus/Documents/0311-ProjectFolder/build/CMakeFiles/CMakeTmp'
Building C object CMakeFiles/cmTC_b3858.dir/src.c.o
/usr/bin/cc   -DCMAKE_HAVE_LIBC_PTHREAD   -o CMakeFiles/cmTC_b3858.dir/src.c.o   -c /home/daedalus/Documents/0311-ProjectFolder/build/CMakeFiles/CMakeTmp/src.c
Linking C executable cmTC_b3858
/usr/bin/cmake -E cmake_link_script CMakeFiles/cmTC_b3858.dir/link.txt --verbose=1
/usr/bin/cc  -DCMAKE_HAVE_LIBC_PTHREAD    -rdynamic CMakeFiles/cmTC_b3858.dir/src.c.o  -o cmTC_b3858 
/usr/bin/ld: CMakeFiles/cmTC_b3858.dir/src.c.o: in function `main':
src.c:(.text+0x2f): undefined reference to `pthread_create'
/usr/bin/ld: src.c:(.text+0x3b): undefined reference to `pthread_detach'
/usr/bin/ld: src.c:(.text+0x4c): undefined reference to `pthread_join'
collect2: error: ld returned 1 exit status
make[1]: *** [CMakeFiles/cmTC_b3858.dir/build.make:87: cmTC_b3858] Error 1
make[1]: Leaving directory '/home/daedalus/Documents/0311-ProjectFolder/build/CMakeFiles/CMakeTmp'
make: *** [Makefile:121: cmTC_b3858/fast] Error 2


Source file was:
#include <pthread.h>

void* test_func(void* data)
{
  return data;
}

int main(void)
{
  pthread_t thread;
  pthread_create(&thread, NULL, test_func, NULL);
  pthread_detach(thread);
  pthread_join(thread, NULL);
  pthread_atfork(NULL, NULL, NULL);
  pthread_exit(NULL);

  return 0;
}

Determining if the function pthread_create exists in the pthreads failed with the following output:
Change Dir: /home/daedalus/Documents/0311-ProjectFolder/build/CMakeFiles/CMakeTmp

Run Build Command(s):/usr/bin/make cmTC_e10c2/fast && /usr/bin/make -f CMakeFiles/cmTC_e10c2.dir/build.make CMakeFiles/cmTC_e10c2.dir/build
make[1]: Entering directory '/home/daedalus/Documents/0311-ProjectFolder/build/CMakeFiles/CMakeTmp'
Building C object CMakeFiles/cmTC_e10c2.dir/CheckFunctionExists.c.o
/usr/bin/cc   -DCHECK_FUNCTION_EXISTS=pthread_create   -o CMakeFiles/cmTC_e10c2.dir/CheckFunctionExists.c.o   -c /usr/share/cmake-3.16/Modules/CheckFunctionExists.c
Linking C executable cmTC_e10c2
/usr/bin/cmake -E cmake_link_script CMakeFiles/cmTC_e10c2.dir/link.txt --verbose=1
/usr/bin/cc  -DCHECK_FUNCTION_EXISTS=pthread_create    -rdynamic CMakeFiles/cmTC_e10c2.dir/CheckFunctionExists.c.o  -o cmTC_e10c2  -lpthreads 
/usr/bin/ld: cannot find -lpthreads
collect2: error: ld returned 1 exit status
make[1]: *** [CMakeFiles/cmTC_e10c2.dir/build.make:87: cmTC_e10c2] Error 1
make[1]: Leaving directory '/home/daedalus/Documents/0311-ProjectFolder/build/CMakeFiles/CMakeTmp'
make: *** [Makefile:121: cmTC_e10c2/fast] Error 2



Performing C SOURCE FILE Test CMAKE_HAVE_LIBC_PTHREAD failed with the following output:
Change Dir: /home/daedalus/Documents/0429-ProjectFolder/build/CMakeFiles/CMakeTmp

Run Build Command(s):/usr/bin/make cmTC_f80f7/fast && /usr/bin/make -f CMakeFiles/cmTC_f80f7.dir/build.make CMakeFiles/cmTC_f80f7.dir/build
make[1]: Entering directory '/home/daedalus/Documents/0429-ProjectFolder/build/CMakeFiles/CMakeTmp'
Building C object CMakeFiles/cmTC_f80f7.dir/src.c.o
/usr/bin/cc   -DCMAKE_HAVE_LIBC_PTHREAD   -o CMakeFiles/cmTC_f80f7.dir/src.c.o   -c /home/daedalus/Documents/0429-ProjectFolder/build/CMakeFiles/CMakeTmp/src.c
Linking C executable cmTC_f80f7
/usr/bin/cmake -E cmake_link_script CMakeFiles/cmTC_f80f7.dir/link.txt --verbose=1
/usr/bin/cc  -DCMAKE_HAVE_LIBC_PTHREAD    -rdynamic CMakeFiles/cmTC_f80f7.dir/src.c.o  -o cmTC_f80f7 
/usr/bin/ld: CMakeFiles/cmTC_f80f7.dir/src.c.o: in function `main':
src.c:(.text+0x2f): undefined reference to `pthread_create'
/usr/bin/ld: src.c:(.text+0x3b): undefined reference to `pthread_detach'
/usr/bin/ld: src.c:(.text+0x4c): undefined reference to `pthread_join'
collect2: error: ld returned 1 exit status
make[1]: *** [CMakeFiles/cmTC_f80f7.dir/build.make:87: cmTC_f80f7] Error 1
make[1]: Leaving directory '/home/daedalus/Documents/0429-ProjectFolder/build/CMakeFiles/CMakeTmp'
make: *** [Makefile:121: cmTC_f80f7/fast] Error 2


Source file was:
#include <pthread.h>

void* test_func(void* data)
{
  return data;
}

int main(void)
{
  pthread_t thread;
  pthread_create(&thread, NULL, test_func, NULL);
  pthread_detach(thread);
  pthread_join(thread, NULL);
  pthread_atfork(NULL, NULL, NULL);
  pthread_exit(NULL);

  return 0;
}

Determining if the function pthread_create exists in the pthreads failed with the following output:
Change Dir: /home/daedalus/Documents/0429-ProjectFolder/build/CMakeFiles/CMakeTmp

Run Build Command(s):/usr/bin/make cmTC_f9a07/fast && /usr/bin/make -f CMakeFiles/cmTC_f9a07.dir/build.make CMakeFiles/cmTC_f9a07.dir/build
make[1]: Entering directory '/home/daedalus/Documents/0429-ProjectFolder/build/CMakeFiles/CMakeTmp'
Building C object CMakeFiles/cmTC_f9a07.dir/CheckFunctionExists.c.o
/usr/bin/cc   -DCHECK_FUNCTION_EXISTS=pthread_create   -o CMakeFiles/cmTC_f9a07.dir/CheckFunctionExists.c.o   -c /usr/share/cmake-3.16/Modules/CheckFunctionExists.c
Linking C executable cmTC_f9a07
/usr/bin/cmake -E cmake_link_script CMakeFiles/cmTC_f9a07.dir/link.txt --verbose=1
/usr/bin/cc  -DCHECK_FUNCTION_EXISTS=pthread_create    -rdynamic CMakeFiles/cmTC_f9a07.dir/CheckFunctionExists.c.o  -o cmTC_f9a07  -lpthreads 
/usr/bin/ld: cannot find -lpthreads
collect2: error: ld returned 1 exit status
make[1]: *** [CMakeFiles/cmTC_f9a07.dir/build.make:87: cmTC_f9a07] Error 1
make[1]: Leaving directory '/home/daedalus/Documents/0429-ProjectFolder/build/CMakeFiles/CMakeTmp'
make: *** [Makefile:121: cmTC_f9a07/fast] Error 2



Performing C SOURCE FILE Test CMAKE_HAVE_LIBC_PTHREAD failed with the following output:
Change Dir: /home/daedalus/Documents/CPPFinal-ProjectFolder/build/CMakeFiles/CMakeTmp

Run Build Command(s):/usr/bin/make cmTC_aca4f/fast && /usr/bin/make -f CMakeFiles/cmTC_aca4f.dir/build.make CMakeFiles/cmTC_aca4f.dir/build
make[1]: Entering directory '/home/daedalus/Documents/CPPFinal-ProjectFolder/build/CMakeFiles/CMakeTmp'
Building C object CMakeFiles/cmTC_aca4f.dir/src.c.o
/usr/bin/cc   -DCMAKE_HAVE_LIBC_PTHREAD   -o CMakeFiles/cmTC_aca4f.dir/src.c.o   -c /home/daedalus/Documents/CPPFinal-ProjectFolder/build/CMakeFiles/CMakeTmp/src.c
Linking C executable cmTC_aca4f
/usr/bin/cmake -E cmake_link_script CMakeFiles/cmTC_aca4f.dir/link.txt --verbose=1
/usr/bin/cc  -DCMAKE_HAVE_LIBC_PTHREAD    -rdynamic CMakeFiles/cmTC_aca4f.dir/src.c.o  -o cmTC_aca4f 
/usr/bin/ld: CMakeFiles/cmTC_aca4f.dir/src.c.o: in function `main':
src.c:(.text+0x2f): undefined reference to `pthread_create'
/usr/bin/ld: src.c:(.text+0x3b): undefined reference to `pthread_detach'
/usr/bin/ld: src.c:(.text+0x4c): undefined reference to `pthread_join'
collect2: error: ld returned 1 exit status
make[1]: *** [CMakeFiles/cmTC_aca4f.dir/build.make:87: cmTC_aca4f] Error 1
make[1]: Leaving directory '/home/daedalus/Documents/CPPFinal-ProjectFolder/build/CMakeFiles/CMakeTmp'
make: *** [Makefile:121: cmTC_aca4f/fast] Error 2


Source file was:
#include <pthread.h>

void* test_func(void* data)
{
  return data;
}

int main(void)
{
  pthread_t thread;
  pthread_create(&thread, NULL, test_func, NULL);
  pthread_detach(thread);
  pthread_join(thread, NULL);
  pthread_atfork(NULL, NULL, NULL);
  pthread_exit(NULL);

  return 0;
}

Determining if the function pthread_create exists in the pthreads failed with the following output:
Change Dir: /home/daedalus/Documents/CPPFinal-ProjectFolder/build/CMakeFiles/CMakeTmp

Run Build Command(s):/usr/bin/make cmTC_1fbf5/fast && /usr/bin/make -f CMakeFiles/cmTC_1fbf5.dir/build.make CMakeFiles/cmTC_1fbf5.dir/build
make[1]: Entering directory '/home/daedalus/Documents/CPPFinal-ProjectFolder/build/CMakeFiles/CMakeTmp'
Building C object CMakeFiles/cmTC_1fbf5.dir/CheckFunctionExists.c.o
/usr/bin/cc   -DCHECK_FUNCTION_EXISTS=pthread_create   -o CMakeFiles/cmTC_1fbf5.dir/CheckFunctionExists.c.o   -c /usr/share/cmake-3.16/Modules/CheckFunctionExists.c
Linking C executable cmTC_1fbf5
/usr/bin/cmake -E cmake_link_script CMakeFiles/cmTC_1fbf5.dir/link.txt --verbose=1
/usr/bin/cc  -DCHECK_FUNCTION_EXISTS=pthread_create    -rdynamic CMakeFiles/cmTC_1fbf5.dir/CheckFunctionExists.c.o  -o cmTC_1fbf5  -lpthreads 
/usr/bin/ld: cannot find -lpthreads
collect2: error: ld returned 1 exit status
make[1]: *** [CMakeFiles/cmTC_1fbf5.dir/build.make:87: cmTC_1fbf5] Error 1
make[1]: Leaving directory '/home/daedalus/Documents/CPPFinal-ProjectFolder/build/CMakeFiles/CMakeTmp'
make: *** [Makefile:121: cmTC_1fbf5/fast] Error 2



